#
# There is insufficient memory for the Java Runtime Environment to continue.
# Native memory allocation (mmap) failed to map 111149056 bytes for G1 virtual space
# Possible reasons:
#   The system is out of physical RAM or swap space
#   The process is running with CompressedOops enabled, and the Java Heap may be blocking the growth of the native heap
# Possible solutions:
#   Reduce memory load on the system
#   Increase physical memory or swap space
#   Check if swap backing store is full
#   Decrease Java heap size (-Xmx/-Xms)
#   Decrease number of Java threads
#   Decrease Java thread stack sizes (-Xss)
#   Set larger code cache with -XX:ReservedCodeCacheSize=
#   JVM is running with Unscaled Compressed Oops mode in which the Java heap is
#     placed in the first 4GB address space. The Java Heap base address is the
#     maximum limit for the native heap growth. Please use -XX:HeapBaseMinAddress
#     to set the Java Heap base and to place the Java Heap above 4GB virtual address.
# This output file may be truncated or incomplete.
#
#  Out of Memory Error (os_windows.cpp:3541), pid=2980, tid=10888
#
# JRE version: OpenJDK Runtime Environment Temurin-17.0.4.1+1 (17.0.4.1+1) (build 17.0.4.1+1)
# Java VM: OpenJDK 64-Bit Server VM Temurin-17.0.4.1+1 (17.0.4.1+1, mixed mode, emulated-client, tiered, compressed oops, compressed class ptrs, g1 gc, windows-amd64)
# No core dump will be written. Minidumps are not enabled by default on client versions of Windows
#

---------------  S U M M A R Y ------------

Command Line: -Dsts.lsp.client=vscode -Dsts.log.file=/dev/null -XX:TieredStopAtLevel=1 -Xlog:jni+resolve=off -Dspring.config.location=file:c:\Users\wmaluc\.vscode\extensions\pivotal.vscode-spring-boot-1.40.0\language-server\BOOT-INF\classes\application.properties org.springframework.ide.vscode.boot.app.BootLanguageServerBootApp

Host: Intel(R) Core(TM) i7-3610QM CPU @ 2.30GHz, 8 cores, 7G,  Windows 10 , 64 bit Build 19041 (10.0.19041.2251)
Time: Sat Nov 19 00:34:14 2022 Hora est. Pacífico, Sudamérica elapsed time: 12.132028 seconds (0d 0h 0m 12s)

---------------  T H R E A D  ---------------

Current thread (0x000001e13203ad60):  VMThread "VM Thread" [stack: 0x0000009d58e00000,0x0000009d58f00000] [id=10888]

Stack: [0x0000009d58e00000,0x0000009d58f00000]
Native frames: (J=compiled Java code, j=interpreted, Vv=VM code, C=native code)
V  [jvm.dll+0x67731a]
V  [jvm.dll+0x832284]
V  [jvm.dll+0x833a2e]
V  [jvm.dll+0x834093]
V  [jvm.dll+0x245775]
V  [jvm.dll+0x674209]
V  [jvm.dll+0x668a92]
V  [jvm.dll+0x30471b]
V  [jvm.dll+0x30bc66]
V  [jvm.dll+0x35ba9e]
V  [jvm.dll+0x35bccf]
V  [jvm.dll+0x2db5b8]
V  [jvm.dll+0x2d986c]
V  [jvm.dll+0x2d8e3c]
V  [jvm.dll+0x31cd9b]
V  [jvm.dll+0x83853b]
V  [jvm.dll+0x839274]
V  [jvm.dll+0x83978c]
V  [jvm.dll+0x839b64]
V  [jvm.dll+0x839c30]
V  [jvm.dll+0x7e240a]
V  [jvm.dll+0x6761a5]
C  [ucrtbase.dll+0x21bb2]
C  [KERNEL32.DLL+0x174b4]
C  [ntdll.dll+0x526a1]

VM_Operation (0x0000009d5b9fe390): G1CollectForAllocation, mode: safepoint, requested by thread 0x000001e1349c1320


---------------  P R O C E S S  ---------------

Threads class SMR info:
_java_thread_list=0x000001e134abd570, length=42, elements={
0x000001e1320533f0, 0x000001e132053f70, 0x000001e132c08490, 0x000001e132c09d60,
0x000001e132c0a620, 0x000001e132c0cef0, 0x000001e132c0d7b0, 0x000001e132c0e0b0,
0x000001e131fd9ee0, 0x000001e132e13160, 0x000001e132e21750, 0x000001e13368d240,
0x000001e134396360, 0x000001e1345ed610, 0x000001e1342f7fe0, 0x000001e1346b8260,
0x000001e125110a90, 0x000001e13461e570, 0x000001e1349060b0, 0x000001e134906d90,
0x000001e134950040, 0x000001e1349628b0, 0x000001e134974e70, 0x000001e1349c2b30,
0x000001e1349c0980, 0x000001e1349bffe0, 0x000001e1349c04b0, 0x000001e1349c17f0,
0x000001e1349bf170, 0x000001e1349c0e50, 0x000001e1349bf640, 0x000001e1349bfb10,
0x000001e1349c2660, 0x000001e1349c1320, 0x000001e1349c1cc0, 0x000001e1349c2190,
0x000001e134aeae80, 0x000001e134aee840, 0x000001e134aef1e0, 0x000001e134aec1c0,
0x000001e134ae91a0, 0x000001e134aebcf0
}

Java Threads: ( => current thread )
  0x000001e1320533f0 JavaThread "Reference Handler" daemon [_thread_blocked, id=17660, stack(0x0000009d58f00000,0x0000009d59000000)]
  0x000001e132053f70 JavaThread "Finalizer" daemon [_thread_blocked, id=15676, stack(0x0000009d59000000,0x0000009d59100000)]
  0x000001e132c08490 JavaThread "Signal Dispatcher" daemon [_thread_blocked, id=12632, stack(0x0000009d59100000,0x0000009d59200000)]
  0x000001e132c09d60 JavaThread "Attach Listener" daemon [_thread_blocked, id=15708, stack(0x0000009d59200000,0x0000009d59300000)]
  0x000001e132c0a620 JavaThread "Service Thread" daemon [_thread_blocked, id=10720, stack(0x0000009d59300000,0x0000009d59400000)]
  0x000001e132c0cef0 JavaThread "Monitor Deflation Thread" daemon [_thread_blocked, id=14520, stack(0x0000009d59400000,0x0000009d59500000)]
  0x000001e132c0d7b0 JavaThread "C1 CompilerThread0" daemon [_thread_blocked, id=10208, stack(0x0000009d59500000,0x0000009d59600000)]
  0x000001e132c0e0b0 JavaThread "Sweeper thread" daemon [_thread_blocked, id=18440, stack(0x0000009d59600000,0x0000009d59700000)]
  0x000001e131fd9ee0 JavaThread "C1 CompilerThread1" daemon [_thread_blocked, id=10132, stack(0x0000009d59700000,0x0000009d59800000)]
  0x000001e132e13160 JavaThread "Notification Thread" daemon [_thread_blocked, id=16540, stack(0x0000009d59800000,0x0000009d59900000)]
  0x000001e132e21750 JavaThread "Common-Cleaner" daemon [_thread_blocked, id=7172, stack(0x0000009d59a00000,0x0000009d59b00000)]
  0x000001e13368d240 JavaThread "C1 CompilerThread2" daemon [_thread_blocked, id=11124, stack(0x0000009d59b00000,0x0000009d59c00000)]
  0x000001e134396360 JavaThread "C1 CompilerThread3" daemon [_thread_blocked, id=18560, stack(0x0000009d5a400000,0x0000009d5a500000)]
  0x000001e1345ed610 JavaThread "boundedElastic-evictor-1" daemon [_thread_blocked, id=6508, stack(0x0000009d5a600000,0x0000009d5a700000)]
  0x000001e1342f7fe0 JavaThread "pool-9-thread-1" [_thread_blocked, id=18360, stack(0x0000009d5a700000,0x0000009d5a800000)]
  0x000001e1346b8260 JavaThread "LanguageServerApp-lifecycle" [_thread_blocked, id=21144, stack(0x0000009d5a800000,0x0000009d5a900000)]
  0x000001e125110a90 JavaThread "DestroyJavaVM" [_thread_blocked, id=11128, stack(0x0000009d58800000,0x0000009d58900000)]
  0x000001e13461e570 JavaThread "pool-10-thread-1" [_thread_in_native, id=3700, stack(0x0000009d5a900000,0x0000009d5aa00000)]
  0x000001e1349060b0 JavaThread "Simple-Language-Server main thread" daemon [_thread_blocked, id=5608, stack(0x0000009d5aa00000,0x0000009d5ab00000)]
  0x000001e134906d90 JavaThread "ForkJoinPool.commonPool-worker-1" daemon [_thread_blocked, id=17048, stack(0x0000009d5ab00000,0x0000009d5ac00000)]
  0x000001e134950040 JavaThread "pool-7-thread-1" [_thread_blocked, id=12780, stack(0x0000009d5ac00000,0x0000009d5ad00000)]
  0x000001e1349628b0 JavaThread "parallel-1" daemon [_thread_blocked, id=13228, stack(0x0000009d5ad00000,0x0000009d5ae00000)]
  0x000001e134974e70 JavaThread "parallel-2" daemon [_thread_blocked, id=3088, stack(0x0000009d5ae00000,0x0000009d5af00000)]
  0x000001e1349c2b30 JavaThread "pool-4-thread-1" [_thread_blocked, id=10596, stack(0x0000009d5af00000,0x0000009d5b000000)]
  0x000001e1349c0980 JavaThread "ForkJoinPool.commonPool-worker-2" daemon [_thread_blocked, id=18468, stack(0x0000009d5b000000,0x0000009d5b100000)]
  0x000001e1349bffe0 JavaThread "pool-4-thread-2" [_thread_blocked, id=19328, stack(0x0000009d5b100000,0x0000009d5b200000)]
  0x000001e1349c04b0 JavaThread "Reconciler-1" daemon [_thread_blocked, id=17276, stack(0x0000009d5b200000,0x0000009d5b300000)]
  0x000001e1349c17f0 JavaThread "ClassGraph-worker-0" daemon [_thread_blocked, id=18196, stack(0x0000009d5b300000,0x0000009d5b400000)]
  0x000001e1349bf170 JavaThread "ClassGraph-worker-1" daemon [_thread_blocked, id=17084, stack(0x0000009d5b400000,0x0000009d5b500000)]
  0x000001e1349c0e50 JavaThread "parallel-3" daemon [_thread_blocked, id=13172, stack(0x0000009d5b500000,0x0000009d5b600000)]
  0x000001e1349bf640 JavaThread "ClassGraph-worker-2" daemon [_thread_blocked, id=14104, stack(0x0000009d5b600000,0x0000009d5b700000)]
  0x000001e1349bfb10 JavaThread "ClassGraph-worker-3" daemon [_thread_blocked, id=18264, stack(0x0000009d5b700000,0x0000009d5b800000)]
  0x000001e1349c2660 JavaThread "ClassGraph-worker-4" daemon [_thread_blocked, id=3188, stack(0x0000009d5b800000,0x0000009d5b900000)]
  0x000001e1349c1320 JavaThread "ClassGraph-worker-5" daemon [_thread_blocked, id=10584, stack(0x0000009d5b900000,0x0000009d5ba00000)]
  0x000001e1349c1cc0 JavaThread "ClassGraph-worker-6" daemon [_thread_blocked, id=15732, stack(0x0000009d5ba00000,0x0000009d5bb00000)]
  0x000001e1349c2190 JavaThread "ClassGraph-worker-7" daemon [_thread_blocked, id=8640, stack(0x0000009d5bb00000,0x0000009d5bc00000)]
  0x000001e134aeae80 JavaThread "ClassGraph-worker-8" daemon [_thread_blocked, id=2360, stack(0x0000009d5bc00000,0x0000009d5bd00000)]
  0x000001e134aee840 JavaThread "ClassGraph-worker-9" daemon [_thread_blocked, id=5544, stack(0x0000009d5bd00000,0x0000009d5be00000)]
  0x000001e134aef1e0 JavaThread "ClassGraph-worker-10" daemon [_thread_blocked, id=18632, stack(0x0000009d5be00000,0x0000009d5bf00000)]
  0x000001e134aec1c0 JavaThread "ClassGraph-worker-11" daemon [_thread_blocked, id=6188, stack(0x0000009d5bf00000,0x0000009d5c000000)]
  0x000001e134ae91a0 JavaThread "ClassGraph-worker-12" daemon [_thread_blocked, id=17940, stack(0x0000009d5c000000,0x0000009d5c100000)]
  0x000001e134aebcf0 JavaThread "ClassGraph-worker-13" daemon [_thread_blocked, id=14620, stack(0x0000009d5c100000,0x0000009d5c200000)]

Other Threads:
=>0x000001e13203ad60 VMThread "VM Thread" [stack: 0x0000009d58e00000,0x0000009d58f00000] [id=10888]
  0x000001e12517fdd0 WatcherThread [stack: 0x0000009d59900000,0x0000009d59a00000] [id=19948]
  0x000001e125166c10 GCTaskThread "GC Thread#0" [stack: 0x0000009d58900000,0x0000009d58a00000] [id=17060]
  0x000001e133725650 GCTaskThread "GC Thread#1" [stack: 0x0000009d59c00000,0x0000009d59d00000] [id=4772]
  0x000001e1337811c0 GCTaskThread "GC Thread#2" [stack: 0x0000009d59d00000,0x0000009d59e00000] [id=20460]
  0x000001e133781470 GCTaskThread "GC Thread#3" [stack: 0x0000009d59e00000,0x0000009d59f00000] [id=15132]
  0x000001e133781720 GCTaskThread "GC Thread#4" [stack: 0x0000009d59f00000,0x0000009d5a000000] [id=4628]
  0x000001e1337859e0 GCTaskThread "GC Thread#5" [stack: 0x0000009d5a000000,0x0000009d5a100000] [id=19704]
  0x000001e133751850 GCTaskThread "GC Thread#6" [stack: 0x0000009d5a200000,0x0000009d5a300000] [id=21724]
  0x000001e134142380 GCTaskThread "GC Thread#7" [stack: 0x0000009d5a300000,0x0000009d5a400000] [id=10220]
  0x000001e125177900 ConcurrentGCThread "G1 Main Marker" [stack: 0x0000009d58a00000,0x0000009d58b00000] [id=3976]
  0x000001e125178220 ConcurrentGCThread "G1 Conc#0" [stack: 0x0000009d58b00000,0x0000009d58c00000] [id=12808]
  0x000001e1342db6c0 ConcurrentGCThread "G1 Conc#1" [stack: 0x0000009d5a500000,0x0000009d5a600000] [id=10396]
  0x000001e1251de020 ConcurrentGCThread "G1 Refine#0" [stack: 0x0000009d58c00000,0x0000009d58d00000] [id=21480]
  0x000001e133737a30 ConcurrentGCThread "G1 Refine#1" [stack: 0x0000009d5a100000,0x0000009d5a200000] [id=6164]
  0x000001e1334c6760 ConcurrentGCThread "G1 Refine#2" [stack: 0x0000009d5c200000,0x0000009d5c300000] [id=3076]
  0x000001e1251de950 ConcurrentGCThread "G1 Service" [stack: 0x0000009d58d00000,0x0000009d58e00000] [id=18112]

Threads with active compile tasks:
C1 CompilerThread0    12257 4027       1       nonapi.io.github.classgraph.fileslice.reader.ClassfileReader::readTo (292 bytes)
C1 CompilerThread1    12257 4022       1       io.github.classgraph.Classfile::extendScanningUpwards (585 bytes)
C1 CompilerThread2    12257 4021       1       java.nio.HeapByteBuffer::get (64 bytes)
C1 CompilerThread3    12257 4026   !   1       nonapi.io.github.classgraph.fileslice.reader.ClassfileReader::close (43 bytes)

VM state: at safepoint (normal execution)

VM Mutex/Monitor currently owned by a thread:  ([mutex/lock_event])
[0x000001e122f29210] Threads_lock - owner thread: 0x000001e13203ad60
[0x000001e122ffbaa0] Heap_lock - owner thread: 0x000001e1349c1320

Heap address: 0x0000000088c00000, size: 1908 MB, Compressed Oops mode: 32-bit

CDS archive(s) not mapped
Compressed class space mapped at: 0x0000000100000000-0x0000000140000000, reserved size: 1073741824
Narrow klass base: 0x0000000000000000, Narrow klass shift: 3, Narrow klass range: 0x140000000

GC Precious Log:
 CPUs: 8 total, 8 available
 Memory: 7629M
 Large Page Support: Disabled
 NUMA Support: Disabled
 Compressed Oops: Enabled (32-bit)
 Heap Region Size: 1M
 Heap Min Capacity: 8M
 Heap Initial Capacity: 120M
 Heap Max Capacity: 1908M
 Pre-touch: Disabled
 Parallel Workers: 8
 Concurrent Workers: 2
 Concurrent Refinement Workers: 8
 Periodic GC: Disabled

Heap:
 garbage-first heap   total 122880K, used 74994K [0x0000000088c00000, 0x0000000100000000)
  region size 1024K, 2 young (2048K), 2 survivors (2048K)
 Metaspace       used 38805K, committed 39232K, reserved 1089536K
  class space    used 4909K, committed 5120K, reserved 1048576K

Heap Regions: E=young(eden), S=young(survivor), O=old, HS=humongous(starts), HC=humongous(continues), CS=collection set, F=free, OA=open archive, CA=closed archive, TAMS=top-at-mark-start (previous, next)
|   0|0x0000000088c00000, 0x0000000088d00000, 0x0000000088d00000|100%| O|  |TAMS 0x0000000088d00000, 0x0000000088d00000| Untracked 
|   1|0x0000000088d00000, 0x0000000088e00000, 0x0000000088e00000|100%| O|  |TAMS 0x0000000088e00000, 0x0000000088e00000| Untracked 
|   2|0x0000000088e00000, 0x0000000088f00000, 0x0000000088f00000|100%| O|  |TAMS 0x0000000088f00000, 0x0000000088f00000| Untracked 
|   3|0x0000000088f00000, 0x0000000089000000, 0x0000000089000000|100%| O|  |TAMS 0x0000000089000000, 0x0000000089000000| Untracked 
|   4|0x0000000089000000, 0x0000000089100000, 0x0000000089100000|100%| O|  |TAMS 0x0000000089100000, 0x0000000089100000| Untracked 
|   5|0x0000000089100000, 0x0000000089200000, 0x0000000089200000|100%| O|  |TAMS 0x0000000089200000, 0x0000000089200000| Untracked 
|   6|0x0000000089200000, 0x0000000089300000, 0x0000000089300000|100%| O|  |TAMS 0x0000000089300000, 0x0000000089300000| Untracked 
|   7|0x0000000089300000, 0x0000000089400000, 0x0000000089400000|100%| O|  |TAMS 0x0000000089400000, 0x0000000089400000| Untracked 
|   8|0x0000000089400000, 0x0000000089500000, 0x0000000089500000|100%| O|  |TAMS 0x0000000089500000, 0x0000000089500000| Untracked 
|   9|0x0000000089500000, 0x0000000089600000, 0x0000000089600000|100%| O|  |TAMS 0x0000000089600000, 0x0000000089600000| Untracked 
|  10|0x0000000089600000, 0x0000000089700000, 0x0000000089700000|100%| O|  |TAMS 0x0000000089700000, 0x0000000089700000| Untracked 
|  11|0x0000000089700000, 0x0000000089800000, 0x0000000089800000|100%| O|  |TAMS 0x0000000089800000, 0x0000000089800000| Untracked 
|  12|0x0000000089800000, 0x0000000089900000, 0x0000000089900000|100%| O|  |TAMS 0x0000000089900000, 0x0000000089900000| Untracked 
|  13|0x0000000089900000, 0x0000000089a00000, 0x0000000089a00000|100%| O|  |TAMS 0x0000000089a00000, 0x0000000089a00000| Untracked 
|  14|0x0000000089a00000, 0x0000000089b00000, 0x0000000089b00000|100%| O|  |TAMS 0x0000000089b00000, 0x0000000089b00000| Untracked 
|  15|0x0000000089b00000, 0x0000000089c00000, 0x0000000089c00000|100%| O|  |TAMS 0x0000000089c00000, 0x0000000089c00000| Untracked 
|  16|0x0000000089c00000, 0x0000000089d00000, 0x0000000089d00000|100%| O|  |TAMS 0x0000000089d00000, 0x0000000089d00000| Untracked 
|  17|0x0000000089d00000, 0x0000000089e00000, 0x0000000089e00000|100%| O|  |TAMS 0x0000000089e00000, 0x0000000089e00000| Untracked 
|  18|0x0000000089e00000, 0x0000000089f00000, 0x0000000089f00000|100%| O|  |TAMS 0x0000000089f00000, 0x0000000089f00000| Untracked 
|  19|0x0000000089f00000, 0x000000008a000000, 0x000000008a000000|100%| O|  |TAMS 0x000000008a000000, 0x000000008a000000| Untracked 
|  20|0x000000008a000000, 0x000000008a100000, 0x000000008a100000|100%| O|  |TAMS 0x000000008a100000, 0x000000008a100000| Untracked 
|  21|0x000000008a100000, 0x000000008a200000, 0x000000008a200000|100%| O|  |TAMS 0x000000008a200000, 0x000000008a200000| Untracked 
|  22|0x000000008a200000, 0x000000008a300000, 0x000000008a300000|100%| O|  |TAMS 0x000000008a300000, 0x000000008a300000| Untracked 
|  23|0x000000008a300000, 0x000000008a400000, 0x000000008a400000|100%| O|  |TAMS 0x000000008a400000, 0x000000008a400000| Untracked 
|  24|0x000000008a400000, 0x000000008a500000, 0x000000008a500000|100%| O|  |TAMS 0x000000008a455000, 0x000000008a500000| Untracked 
|  25|0x000000008a500000, 0x000000008a600000, 0x000000008a600000|100%| O|  |TAMS 0x000000008a500000, 0x000000008a600000| Untracked 
|  26|0x000000008a600000, 0x000000008a700000, 0x000000008a700000|100%| O|  |TAMS 0x000000008a600000, 0x000000008a700000| Untracked 
|  27|0x000000008a700000, 0x000000008a800000, 0x000000008a800000|100%| O|  |TAMS 0x000000008a700000, 0x000000008a800000| Untracked 
|  28|0x000000008a800000, 0x000000008a900000, 0x000000008a900000|100%| O|  |TAMS 0x000000008a800000, 0x000000008a900000| Untracked 
|  29|0x000000008a900000, 0x000000008aa00000, 0x000000008aa00000|100%| O|  |TAMS 0x000000008a900000, 0x000000008aa00000| Untracked 
|  30|0x000000008aa00000, 0x000000008ab00000, 0x000000008ab00000|100%| O|  |TAMS 0x000000008aa00000, 0x000000008ab00000| Untracked 
|  31|0x000000008ab00000, 0x000000008ac00000, 0x000000008ac00000|100%| O|  |TAMS 0x000000008ab00000, 0x000000008ac00000| Untracked 
|  32|0x000000008ac00000, 0x000000008ad00000, 0x000000008ad00000|100%| O|  |TAMS 0x000000008ac00000, 0x000000008ad00000| Untracked 
|  33|0x000000008ad00000, 0x000000008ae00000, 0x000000008ae00000|100%| O|  |TAMS 0x000000008ad00000, 0x000000008ae00000| Untracked 
|  34|0x000000008ae00000, 0x000000008af00000, 0x000000008af00000|100%| O|  |TAMS 0x000000008ae00000, 0x000000008af00000| Untracked 
|  35|0x000000008af00000, 0x000000008b000000, 0x000000008b000000|100%| O|  |TAMS 0x000000008af00000, 0x000000008b000000| Untracked 
|  36|0x000000008b000000, 0x000000008b100000, 0x000000008b100000|100%| O|  |TAMS 0x000000008b000000, 0x000000008b100000| Untracked 
|  37|0x000000008b100000, 0x000000008b200000, 0x000000008b200000|100%| O|  |TAMS 0x000000008b100000, 0x000000008b200000| Untracked 
|  38|0x000000008b200000, 0x000000008b300000, 0x000000008b300000|100%| O|  |TAMS 0x000000008b200000, 0x000000008b300000| Untracked 
|  39|0x000000008b300000, 0x000000008b400000, 0x000000008b400000|100%| O|  |TAMS 0x000000008b300000, 0x000000008b400000| Untracked 
|  40|0x000000008b400000, 0x000000008b500000, 0x000000008b500000|100%| O|  |TAMS 0x000000008b400000, 0x000000008b500000| Untracked 
|  41|0x000000008b500000, 0x000000008b600000, 0x000000008b600000|100%| O|  |TAMS 0x000000008b500000, 0x000000008b600000| Untracked 
|  42|0x000000008b600000, 0x000000008b700000, 0x000000008b700000|100%| O|  |TAMS 0x000000008b600000, 0x000000008b700000| Untracked 
|  43|0x000000008b700000, 0x000000008b800000, 0x000000008b800000|100%| O|  |TAMS 0x000000008b700000, 0x000000008b800000| Untracked 
|  44|0x000000008b800000, 0x000000008b900000, 0x000000008b900000|100%| O|  |TAMS 0x000000008b800000, 0x000000008b900000| Untracked 
|  45|0x000000008b900000, 0x000000008ba00000, 0x000000008ba00000|100%| O|  |TAMS 0x000000008b900000, 0x000000008ba00000| Untracked 
|  46|0x000000008ba00000, 0x000000008bb00000, 0x000000008bb00000|100%| O|  |TAMS 0x000000008ba00000, 0x000000008bb00000| Untracked 
|  47|0x000000008bb00000, 0x000000008bc00000, 0x000000008bc00000|100%|HS|  |TAMS 0x000000008bb00000, 0x000000008bc00000| Complete 
|  48|0x000000008bc00000, 0x000000008bd00000, 0x000000008bd00000|100%|HS|  |TAMS 0x000000008bc00000, 0x000000008bd00000| Complete 
|  49|0x000000008bd00000, 0x000000008be00000, 0x000000008be00000|100%|HS|  |TAMS 0x000000008bd00000, 0x000000008be00000| Complete 
|  50|0x000000008be00000, 0x000000008bf00000, 0x000000008bf00000|100%| O|  |TAMS 0x000000008be00000, 0x000000008bf00000| Untracked 
|  51|0x000000008bf00000, 0x000000008c000000, 0x000000008c000000|100%| O|  |TAMS 0x000000008bf00000, 0x000000008c000000| Untracked 
|  52|0x000000008c000000, 0x000000008c100000, 0x000000008c100000|100%| O|  |TAMS 0x000000008c000000, 0x000000008c100000| Untracked 
|  53|0x000000008c100000, 0x000000008c200000, 0x000000008c200000|100%| O|  |TAMS 0x000000008c100000, 0x000000008c200000| Untracked 
|  54|0x000000008c200000, 0x000000008c300000, 0x000000008c300000|100%| O|  |TAMS 0x000000008c200000, 0x000000008c300000| Untracked 
|  55|0x000000008c300000, 0x000000008c400000, 0x000000008c400000|100%| O|  |TAMS 0x000000008c300000, 0x000000008c400000| Untracked 
|  56|0x000000008c400000, 0x000000008c500000, 0x000000008c500000|100%| O|  |TAMS 0x000000008c400000, 0x000000008c500000| Untracked 
|  57|0x000000008c500000, 0x000000008c600000, 0x000000008c600000|100%| O|  |TAMS 0x000000008c500000, 0x000000008c600000| Untracked 
|  58|0x000000008c600000, 0x000000008c700000, 0x000000008c700000|100%| O|  |TAMS 0x000000008c600000, 0x000000008c700000| Untracked 
|  59|0x000000008c700000, 0x000000008c800000, 0x000000008c800000|100%| O|  |TAMS 0x000000008c700000, 0x000000008c800000| Untracked 
|  60|0x000000008c800000, 0x000000008c900000, 0x000000008c900000|100%| O|  |TAMS 0x000000008c800000, 0x000000008c900000| Untracked 
|  61|0x000000008c900000, 0x000000008ca00000, 0x000000008ca00000|100%| O|  |TAMS 0x000000008c900000, 0x000000008ca00000| Untracked 
|  62|0x000000008ca00000, 0x000000008cb00000, 0x000000008cb00000|100%| O|  |TAMS 0x000000008ca00000, 0x000000008cb00000| Untracked 
|  63|0x000000008cb00000, 0x000000008cc00000, 0x000000008cc00000|100%| O|  |TAMS 0x000000008cb00000, 0x000000008cc00000| Untracked 
|  64|0x000000008cc00000, 0x000000008cd00000, 0x000000008cd00000|100%| O|  |TAMS 0x000000008cc00000, 0x000000008cd00000| Untracked 
|  65|0x000000008cd00000, 0x000000008ce00000, 0x000000008ce00000|100%| O|  |TAMS 0x000000008cd00000, 0x000000008cdb1800| Untracked 
|  66|0x000000008ce00000, 0x000000008cf00000, 0x000000008cf00000|100%| O|  |TAMS 0x000000008ce00000, 0x000000008ce00000| Untracked 
|  67|0x000000008cf00000, 0x000000008d000000, 0x000000008d000000|100%| O|  |TAMS 0x000000008cf00000, 0x000000008cf00000| Untracked 
|  68|0x000000008d000000, 0x000000008d100000, 0x000000008d100000|100%| O|  |TAMS 0x000000008d000000, 0x000000008d000000| Untracked 
|  69|0x000000008d100000, 0x000000008d200000, 0x000000008d200000|100%| O|  |TAMS 0x000000008d100000, 0x000000008d100000| Untracked 
|  70|0x000000008d200000, 0x000000008d300000, 0x000000008d300000|100%| O|  |TAMS 0x000000008d200000, 0x000000008d200000| Untracked 
|  71|0x000000008d300000, 0x000000008d3b1800, 0x000000008d400000| 69%| O|  |TAMS 0x000000008d300000, 0x000000008d300000| Untracked 
|  72|0x000000008d400000, 0x000000008d400000, 0x000000008d500000|  0%| F|  |TAMS 0x000000008d400000, 0x000000008d400000| Untracked 
|  73|0x000000008d500000, 0x000000008d500000, 0x000000008d600000|  0%| F|  |TAMS 0x000000008d500000, 0x000000008d500000| Untracked 
|  74|0x000000008d600000, 0x000000008d600000, 0x000000008d700000|  0%| F|  |TAMS 0x000000008d600000, 0x000000008d600000| Untracked 
|  75|0x000000008d700000, 0x000000008d700000, 0x000000008d800000|  0%| F|  |TAMS 0x000000008d700000, 0x000000008d700000| Untracked 
|  76|0x000000008d800000, 0x000000008d800000, 0x000000008d900000|  0%| F|  |TAMS 0x000000008d800000, 0x000000008d800000| Untracked 
|  77|0x000000008d900000, 0x000000008d900000, 0x000000008da00000|  0%| F|  |TAMS 0x000000008d900000, 0x000000008d900000| Untracked 
|  78|0x000000008da00000, 0x000000008da00000, 0x000000008db00000|  0%| F|  |TAMS 0x000000008da00000, 0x000000008da00000| Untracked 
|  79|0x000000008db00000, 0x000000008db00000, 0x000000008dc00000|  0%| F|  |TAMS 0x000000008db00000, 0x000000008db00000| Untracked 
|  80|0x000000008dc00000, 0x000000008dc00000, 0x000000008dd00000|  0%| F|  |TAMS 0x000000008dc00000, 0x000000008dc00000| Untracked 
|  81|0x000000008dd00000, 0x000000008dd00000, 0x000000008de00000|  0%| F|  |TAMS 0x000000008dd00000, 0x000000008dd00000| Untracked 
|  82|0x000000008de00000, 0x000000008de00000, 0x000000008df00000|  0%| F|  |TAMS 0x000000008de00000, 0x000000008de00000| Untracked 
|  83|0x000000008df00000, 0x000000008df00000, 0x000000008e000000|  0%| F|  |TAMS 0x000000008df00000, 0x000000008df00000| Untracked 
|  84|0x000000008e000000, 0x000000008e000000, 0x000000008e100000|  0%| F|  |TAMS 0x000000008e000000, 0x000000008e000000| Untracked 
|  85|0x000000008e100000, 0x000000008e100000, 0x000000008e200000|  0%| F|  |TAMS 0x000000008e100000, 0x000000008e100000| Untracked 
|  86|0x000000008e200000, 0x000000008e200000, 0x000000008e300000|  0%| F|  |TAMS 0x000000008e200000, 0x000000008e200000| Untracked 
|  87|0x000000008e300000, 0x000000008e300000, 0x000000008e400000|  0%| F|  |TAMS 0x000000008e300000, 0x000000008e300000| Untracked 
|  88|0x000000008e400000, 0x000000008e400000, 0x000000008e500000|  0%| F|  |TAMS 0x000000008e400000, 0x000000008e400000| Untracked 
|  89|0x000000008e500000, 0x000000008e500000, 0x000000008e600000|  0%| F|  |TAMS 0x000000008e500000, 0x000000008e500000| Untracked 
|  90|0x000000008e600000, 0x000000008e600000, 0x000000008e700000|  0%| F|  |TAMS 0x000000008e600000, 0x000000008e600000| Untracked 
|  91|0x000000008e700000, 0x000000008e700000, 0x000000008e800000|  0%| F|  |TAMS 0x000000008e700000, 0x000000008e700000| Untracked 
|  92|0x000000008e800000, 0x000000008e800000, 0x000000008e900000|  0%| F|  |TAMS 0x000000008e800000, 0x000000008e800000| Untracked 
|  93|0x000000008e900000, 0x000000008e900000, 0x000000008ea00000|  0%| F|  |TAMS 0x000000008e900000, 0x000000008e900000| Untracked 
|  94|0x000000008ea00000, 0x000000008ea8b2d8, 0x000000008eb00000| 54%| S|CS|TAMS 0x000000008ea00000, 0x000000008ea00000| Complete 
|  95|0x000000008eb00000, 0x000000008ec00000, 0x000000008ec00000|100%| S|CS|TAMS 0x000000008eb00000, 0x000000008eb00000| Complete 
|  96|0x000000008ec00000, 0x000000008ec00000, 0x000000008ed00000|  0%| F|  |TAMS 0x000000008ec00000, 0x000000008ec00000| Untracked 
|  97|0x000000008ed00000, 0x000000008ed00000, 0x000000008ee00000|  0%| F|  |TAMS 0x000000008ed00000, 0x000000008ed00000| Untracked 
|  98|0x000000008ee00000, 0x000000008ee00000, 0x000000008ef00000|  0%| F|  |TAMS 0x000000008ee00000, 0x000000008ee00000| Untracked 
|  99|0x000000008ef00000, 0x000000008ef00000, 0x000000008f000000|  0%| F|  |TAMS 0x000000008ef00000, 0x000000008ef00000| Untracked 
| 100|0x000000008f000000, 0x000000008f000000, 0x000000008f100000|  0%| F|  |TAMS 0x000000008f000000, 0x000000008f000000| Untracked 
| 101|0x000000008f100000, 0x000000008f100000, 0x000000008f200000|  0%| F|  |TAMS 0x000000008f100000, 0x000000008f100000| Untracked 
| 102|0x000000008f200000, 0x000000008f200000, 0x000000008f300000|  0%| F|  |TAMS 0x000000008f200000, 0x000000008f200000| Untracked 
| 103|0x000000008f300000, 0x000000008f300000, 0x000000008f400000|  0%| F|  |TAMS 0x000000008f300000, 0x000000008f300000| Untracked 
| 104|0x000000008f400000, 0x000000008f400000, 0x000000008f500000|  0%| F|  |TAMS 0x000000008f400000, 0x000000008f400000| Untracked 
| 105|0x000000008f500000, 0x000000008f500000, 0x000000008f600000|  0%| F|  |TAMS 0x000000008f500000, 0x000000008f500000| Untracked 
| 106|0x000000008f600000, 0x000000008f600000, 0x000000008f700000|  0%| F|  |TAMS 0x000000008f600000, 0x000000008f600000| Untracked 
| 107|0x000000008f700000, 0x000000008f700000, 0x000000008f800000|  0%| F|  |TAMS 0x000000008f700000, 0x000000008f700000| Untracked 
| 108|0x000000008f800000, 0x000000008f800000, 0x000000008f900000|  0%| F|  |TAMS 0x000000008f800000, 0x000000008f800000| Untracked 
| 109|0x000000008f900000, 0x000000008f900000, 0x000000008fa00000|  0%| F|  |TAMS 0x000000008f900000, 0x000000008f900000| Untracked 
| 110|0x000000008fa00000, 0x000000008fa00000, 0x000000008fb00000|  0%| F|  |TAMS 0x000000008fa00000, 0x000000008fa00000| Untracked 
| 111|0x000000008fb00000, 0x000000008fb00000, 0x000000008fc00000|  0%| F|  |TAMS 0x000000008fb00000, 0x000000008fb00000| Untracked 
| 112|0x000000008fc00000, 0x000000008fc00000, 0x000000008fd00000|  0%| F|  |TAMS 0x000000008fc00000, 0x000000008fc00000| Untracked 
| 113|0x000000008fd00000, 0x000000008fd00000, 0x000000008fe00000|  0%| F|  |TAMS 0x000000008fd00000, 0x000000008fd00000| Untracked 
| 114|0x000000008fe00000, 0x000000008fe00000, 0x000000008ff00000|  0%| F|  |TAMS 0x000000008fe00000, 0x000000008fe00000| Untracked 
| 115|0x000000008ff00000, 0x000000008ff00000, 0x0000000090000000|  0%| F|  |TAMS 0x000000008ff00000, 0x000000008ff00000| Untracked 
| 116|0x0000000090000000, 0x0000000090000000, 0x0000000090100000|  0%| F|  |TAMS 0x0000000090000000, 0x0000000090000000| Untracked 
| 117|0x0000000090100000, 0x0000000090100000, 0x0000000090200000|  0%| F|  |TAMS 0x0000000090100000, 0x0000000090100000| Untracked 
| 118|0x0000000090200000, 0x0000000090200000, 0x0000000090300000|  0%| F|  |TAMS 0x0000000090200000, 0x0000000090200000| Untracked 
| 119|0x0000000090300000, 0x0000000090300000, 0x0000000090400000|  0%| F|  |TAMS 0x0000000090300000, 0x0000000090300000| Untracked 

Card table byte_map: [0x000001e12b270000,0x000001e12b630000] _byte_map_base: 0x000001e12ae2a000

Marking Bits (Prev, Next): (CMBitMap*) 0x000001e125168150, (CMBitMap*) 0x000001e125168190
 Prev Bits: [0x000001e12b9f0000, 0x000001e12d7c0000)
 Next Bits: [0x000001e12d7c0000, 0x000001e12f590000)

Polling page: 0x000001e1248e0000

Metaspace:

Usage:
  Non-class:     33.10 MB used.
      Class:      4.79 MB used.
       Both:     37.90 MB used.

Virtual space:
  Non-class space:       40.00 MB reserved,      33.31 MB ( 83%) committed,  5 nodes.
      Class space:        1.00 GB reserved,       5.00 MB ( <1%) committed,  1 nodes.
             Both:        1.04 GB reserved,      38.31 MB (  4%) committed. 

Chunk freelists:
   Non-Class:  2.29 MB
       Class:  3.06 MB
        Both:  5.35 MB

MaxMetaspaceSize: unlimited
CompressedClassSpaceSize: 1.00 GB
Initial GC threshold: 21.00 MB
Current GC threshold: 59.19 MB
CDS: off
MetaspaceReclaimPolicy: balanced
 - commit_granule_bytes: 65536.
 - commit_granule_words: 8192.
 - virtual_space_node_default_size: 1048576.
 - enlarge_chunks_in_place: 1.
 - new_chunks_are_fully_committed: 0.
 - uncommit_free_chunks: 1.
 - use_allocation_guard: 0.
 - handle_deallocations: 1.


Internal statistics:

num_allocs_failed_limit: 6.
num_arena_births: 350.
num_arena_deaths: 0.
num_vsnodes_births: 6.
num_vsnodes_deaths: 0.
num_space_committed: 613.
num_space_uncommitted: 0.
num_chunks_returned_to_freelist: 6.
num_chunks_taken_from_freelist: 1497.
num_chunk_merges: 6.
num_chunk_splits: 1025.
num_chunks_enlarged: 795.
num_purges: 0.
num_inconsistent_stats: 0.

CodeCache: size=49152Kb used=9584Kb max_used=9584Kb free=39568Kb
 bounds [0x000001e127da0000, 0x000001e128700000, 0x000001e12ada0000]
 total_blobs=4554 nmethods=4024 adapters=454
 compilation: enabled
              stopped_count=0, restarted_count=0
 full_count=0

Compilation events (20 events):
Event: 12.094 Thread 0x000001e134396360 4013       1       io.github.classgraph.Classfile::getConstantPoolString (54 bytes)
Event: 12.095 Thread 0x000001e134396360 nmethod 4013 0x000001e1286f2c90 code [0x000001e1286f2e60, 0x000001e1286f30f8]
Event: 12.095 Thread 0x000001e134396360 4017       1       jdk.internal.module.SystemModuleFinders$SystemModuleReader::release (10 bytes)
Event: 12.095 Thread 0x000001e134396360 nmethod 4017 0x000001e1286f3290 code [0x000001e1286f3440, 0x000001e1286f3638]
Event: 12.096 Thread 0x000001e134396360 4019       1       java.util.Optional::map (30 bytes)
Event: 12.096 Thread 0x000001e134396360 nmethod 4019 0x000001e1286f3790 code [0x000001e1286f3940, 0x000001e1286f3bf8]
Event: 12.096 Thread 0x000001e134396360 4023       1       jdk.internal.module.SystemModuleFinders$SystemModuleReader::open (15 bytes)
Event: 12.097 Thread 0x000001e13368d240 nmethod 4012 0x000001e1286f3d10 code [0x000001e1286f42e0, 0x000001e1286f6318]
Event: 12.097 Thread 0x000001e13368d240 4014   !   1       io.github.classgraph.Scanner$ClassfileScannerWorkUnitProcessor::processWorkUnit (291 bytes)
Event: 12.099 Thread 0x000001e134396360 nmethod 4023 0x000001e1286f7810 code [0x000001e1286f7a20, 0x000001e1286f7fe8]
Event: 12.099 Thread 0x000001e134396360 4016   !   1       io.github.classgraph.ClasspathElementModule$1::open (129 bytes)
Event: 12.102 Thread 0x000001e13368d240 nmethod 4014 0x000001e1286f8310 code [0x000001e1286f86c0, 0x000001e1286f9638]
Event: 12.102 Thread 0x000001e13368d240 4020       1       jdk.internal.module.SystemModuleFinders$SystemModuleReader$$Lambda$130/0x00000001001ea200::apply (12 bytes)
Event: 12.102 Thread 0x000001e13368d240 nmethod 4020 0x000001e1286fb290 code [0x000001e1286fb420, 0x000001e1286fb548]
Event: 12.102 Thread 0x000001e13368d240 4015       1       io.github.classgraph.ClasspathElementModule$1::openClassfile (13 bytes)
Event: 12.102 Thread 0x000001e134396360 nmethod 4016 0x000001e1286f9f10 code [0x000001e1286fa1c0, 0x000001e1286fac78]
Event: 12.102 Thread 0x000001e134396360 4026   !   1       nonapi.io.github.classgraph.fileslice.reader.ClassfileReader::close (43 bytes)
Event: 12.103 Thread 0x000001e13368d240 nmethod 4015 0x000001e1286fb610 code [0x000001e1286fb7c0, 0x000001e1286fbac8]
Event: 12.103 Thread 0x000001e13368d240 4021       1       java.nio.HeapByteBuffer::get (64 bytes)
Event: 12.123 Thread 0x000001e134396360 nmethod 4026 0x000001e1286fbb90 code [0x000001e1286fbd40, 0x000001e1286fbf18]

GC Heap History (20 events):
Event: 7.860 GC heap after
{Heap after GC invocations=7 (full 0):
 garbage-first heap   total 48128K, used 17077K [0x0000000088c00000, 0x0000000100000000)
  region size 1024K, 3 young (3072K), 3 survivors (3072K)
 Metaspace       used 28126K, committed 28352K, reserved 1081344K
  class space    used 3515K, committed 3648K, reserved 1048576K
}
Event: 9.073 GC heap before
{Heap before GC invocations=7 (full 0):
 garbage-first heap   total 48128K, used 33461K [0x0000000088c00000, 0x0000000100000000)
  region size 1024K, 19 young (19456K), 3 survivors (3072K)
 Metaspace       used 31418K, committed 31744K, reserved 1081344K
  class space    used 3968K, committed 4096K, reserved 1048576K
}
Event: 9.089 GC heap after
{Heap after GC invocations=8 (full 0):
 garbage-first heap   total 90112K, used 17876K [0x0000000088c00000, 0x0000000100000000)
  region size 1024K, 2 young (2048K), 2 survivors (2048K)
 Metaspace       used 31418K, committed 31744K, reserved 1081344K
  class space    used 3968K, committed 4096K, reserved 1048576K
}
Event: 10.315 GC heap before
{Heap before GC invocations=8 (full 0):
 garbage-first heap   total 90112K, used 63956K [0x0000000088c00000, 0x0000000100000000)
  region size 1024K, 47 young (48128K), 2 survivors (2048K)
 Metaspace       used 35462K, committed 35776K, reserved 1081344K
  class space    used 4600K, committed 4736K, reserved 1048576K
}
Event: 10.329 GC heap after
{Heap after GC invocations=9 (full 0):
 garbage-first heap   total 90112K, used 24884K [0x0000000088c00000, 0x0000000100000000)
  region size 1024K, 6 young (6144K), 6 survivors (6144K)
 Metaspace       used 35462K, committed 35776K, reserved 1081344K
  class space    used 4600K, committed 4736K, reserved 1048576K
}
Event: 10.753 GC heap before
{Heap before GC invocations=9 (full 0):
 garbage-first heap   total 90112K, used 60724K [0x0000000088c00000, 0x0000000100000000)
  region size 1024K, 42 young (43008K), 6 survivors (6144K)
 Metaspace       used 35683K, committed 36032K, reserved 1081344K
  class space    used 4637K, committed 4800K, reserved 1048576K
}
Event: 10.764 GC heap after
{Heap after GC invocations=10 (full 0):
 garbage-first heap   total 90112K, used 31060K [0x0000000088c00000, 0x0000000100000000)
  region size 1024K, 6 young (6144K), 6 survivors (6144K)
 Metaspace       used 35683K, committed 36032K, reserved 1081344K
  class space    used 4637K, committed 4800K, reserved 1048576K
}
Event: 10.835 GC heap before
{Heap before GC invocations=10 (full 0):
 garbage-first heap   total 90112K, used 41300K [0x0000000088c00000, 0x0000000100000000)
  region size 1024K, 17 young (17408K), 6 survivors (6144K)
 Metaspace       used 35867K, committed 36160K, reserved 1081344K
  class space    used 4656K, committed 4800K, reserved 1048576K
}
Event: 10.842 GC heap after
{Heap after GC invocations=11 (full 0):
 garbage-first heap   total 90112K, used 33200K [0x0000000088c00000, 0x0000000100000000)
  region size 1024K, 2 young (2048K), 2 survivors (2048K)
 Metaspace       used 35867K, committed 36160K, reserved 1081344K
  class space    used 4656K, committed 4800K, reserved 1048576K
}
Event: 11.016 GC heap before
{Heap before GC invocations=12 (full 0):
 garbage-first heap   total 90112K, used 62896K [0x0000000088c00000, 0x0000000100000000)
  region size 1024K, 32 young (32768K), 2 survivors (2048K)
 Metaspace       used 36269K, committed 36608K, reserved 1081344K
  class space    used 4685K, committed 4864K, reserved 1048576K
}
Event: 11.025 GC heap after
{Heap after GC invocations=13 (full 0):
 garbage-first heap   total 90112K, used 39347K [0x0000000088c00000, 0x0000000100000000)
  region size 1024K, 4 young (4096K), 4 survivors (4096K)
 Metaspace       used 36269K, committed 36608K, reserved 1081344K
  class space    used 4685K, committed 4864K, reserved 1048576K
}
Event: 11.148 GC heap before
{Heap before GC invocations=13 (full 0):
 garbage-first heap   total 90112K, used 65971K [0x0000000088c00000, 0x0000000100000000)
  region size 1024K, 30 young (30720K), 4 survivors (4096K)
 Metaspace       used 36602K, committed 36928K, reserved 1081344K
  class space    used 4715K, committed 4864K, reserved 1048576K
}
Event: 11.161 GC heap after
{Heap after GC invocations=14 (full 0):
 garbage-first heap   total 115712K, used 46179K [0x0000000088c00000, 0x0000000100000000)
  region size 1024K, 4 young (4096K), 4 survivors (4096K)
 Metaspace       used 36602K, committed 36928K, reserved 1081344K
  class space    used 4715K, committed 4864K, reserved 1048576K
}
Event: 11.808 GC heap before
{Heap before GC invocations=14 (full 0):
 garbage-first heap   total 115712K, used 79971K [0x0000000088c00000, 0x0000000100000000)
  region size 1024K, 38 young (38912K), 4 survivors (4096K)
 Metaspace       used 38670K, committed 39040K, reserved 1089536K
  class space    used 4891K, committed 5056K, reserved 1048576K
}
Event: 11.819 GC heap after
{Heap after GC invocations=15 (full 0):
 garbage-first heap   total 115712K, used 52511K [0x0000000088c00000, 0x0000000100000000)
  region size 1024K, 5 young (5120K), 5 survivors (5120K)
 Metaspace       used 38670K, committed 39040K, reserved 1089536K
  class space    used 4891K, committed 5056K, reserved 1048576K
}
Event: 12.013 GC heap before
{Heap before GC invocations=15 (full 0):
 garbage-first heap   total 115712K, used 86303K [0x0000000088c00000, 0x0000000100000000)
  region size 1024K, 36 young (36864K), 5 survivors (5120K)
 Metaspace       used 38781K, committed 39232K, reserved 1089536K
  class space    used 4905K, committed 5120K, reserved 1048576K
}
Event: 12.056 GC heap after
{Heap after GC invocations=16 (full 0):
 garbage-first heap   total 115712K, used 72390K [0x0000000088c00000, 0x0000000100000000)
  region size 1024K, 5 young (5120K), 5 survivors (5120K)
 Metaspace       used 38781K, committed 39232K, reserved 1089536K
  class space    used 4905K, committed 5120K, reserved 1048576K
}
Event: 12.087 GC heap before
{Heap before GC invocations=16 (full 0):
 garbage-first heap   total 115712K, used 86726K [0x0000000088c00000, 0x0000000100000000)
  region size 1024K, 20 young (20480K), 5 survivors (5120K)
 Metaspace       used 38783K, committed 39232K, reserved 1089536K
  class space    used 4906K, committed 5120K, reserved 1048576K
}
Event: 12.090 GC heap after
{Heap after GC invocations=17 (full 0):
 garbage-first heap   total 115712K, used 74541K [0x0000000088c00000, 0x0000000100000000)
  region size 1024K, 2 young (2048K), 2 survivors (2048K)
 Metaspace       used 38783K, committed 39232K, reserved 1089536K
  class space    used 4906K, committed 5120K, reserved 1048576K
}
Event: 12.123 GC heap before
{Heap before GC invocations=17 (full 0):
 garbage-first heap   total 115712K, used 88877K [0x0000000088c00000, 0x0000000100000000)
  region size 1024K, 17 young (17408K), 2 survivors (2048K)
 Metaspace       used 38805K, committed 39232K, reserved 1089536K
  class space    used 4909K, committed 5120K, reserved 1048576K
}

Deoptimization events (14 events):
Event: 5.920 Thread 0x000001e125110a90 DEOPT PACKING pc=0x000001e12826bb99 sp=0x0000009d588fd060
Event: 5.921 Thread 0x000001e125110a90 DEOPT UNPACKING pc=0x000001e127df2b43 sp=0x0000009d588fc540 mode 3
Event: 8.898 Thread 0x000001e125110a90 DEOPT PACKING pc=0x000001e128469e19 sp=0x0000009d588fc440
Event: 8.898 Thread 0x000001e125110a90 DEOPT UNPACKING pc=0x000001e127df2b43 sp=0x0000009d588fb920 mode 3
Event: 9.733 Thread 0x000001e1349060b0 DEOPT PACKING pc=0x000001e12851ecb5 sp=0x0000009d5aafd6a0
Event: 9.734 Thread 0x000001e1349060b0 DEOPT UNPACKING pc=0x000001e127df2b43 sp=0x0000009d5aafcbc8 mode 3
Event: 9.835 Thread 0x000001e13461e570 DEOPT PACKING pc=0x000001e128269e01 sp=0x0000009d5a9fe000
Event: 9.835 Thread 0x000001e13461e570 DEOPT UNPACKING pc=0x000001e127df2b43 sp=0x0000009d5a9fd490 mode 3
Event: 9.838 Thread 0x000001e134950040 DEOPT PACKING pc=0x000001e128267017 sp=0x0000009d5acff3a0
Event: 9.838 Thread 0x000001e134950040 DEOPT UNPACKING pc=0x000001e127df2b43 sp=0x0000009d5acfe7f8 mode 3
Event: 9.962 Thread 0x000001e134906d90 DEOPT PACKING pc=0x000001e128541e2b sp=0x0000009d5abfe550
Event: 9.962 Thread 0x000001e134906d90 DEOPT UNPACKING pc=0x000001e127df2b43 sp=0x0000009d5abfda98 mode 3
Event: 11.694 Thread 0x000001e134aeae80 DEOPT PACKING pc=0x000001e12864e114 sp=0x0000009d5bcfea80
Event: 11.694 Thread 0x000001e134aeae80 DEOPT UNPACKING pc=0x000001e127df2b43 sp=0x0000009d5bcfdf60 mode 0

Classes unloaded (0 events):
No events

Classes redefined (0 events):
No events

Internal exceptions (20 events):
Event: 10.089 Thread 0x000001e1349bf170 Exception <a 'sun/nio/fs/WindowsException'{0x000000008cb44a78}> (0x000000008cb44a78) 
thrown [s\src\hotspot\share\prims\jni.cpp, line 516]
Event: 10.089 Thread 0x000001e1349bf170 Exception <a 'sun/nio/fs/WindowsException'{0x000000008cb454c8}> (0x000000008cb454c8) 
thrown [s\src\hotspot\share\prims\jni.cpp, line 516]
Event: 10.089 Thread 0x000001e1349bf170 Exception <a 'sun/nio/fs/WindowsException'{0x000000008cb458d8}> (0x000000008cb458d8) 
thrown [s\src\hotspot\share\prims\jni.cpp, line 516]
Event: 10.090 Thread 0x000001e1349bf170 Exception <a 'sun/nio/fs/WindowsException'{0x000000008cb46300}> (0x000000008cb46300) 
thrown [s\src\hotspot\share\prims\jni.cpp, line 516]
Event: 10.090 Thread 0x000001e1349bf170 Exception <a 'sun/nio/fs/WindowsException'{0x000000008cb466e0}> (0x000000008cb466e0) 
thrown [s\src\hotspot\share\prims\jni.cpp, line 516]
Event: 10.091 Thread 0x000001e1349bf170 Exception <a 'sun/nio/fs/WindowsException'{0x000000008cb470e0}> (0x000000008cb470e0) 
thrown [s\src\hotspot\share\prims\jni.cpp, line 516]
Event: 10.091 Thread 0x000001e1349bf170 Exception <a 'sun/nio/fs/WindowsException'{0x000000008cb47490}> (0x000000008cb47490) 
thrown [s\src\hotspot\share\prims\jni.cpp, line 516]
Event: 10.091 Thread 0x000001e1349bf170 Exception <a 'sun/nio/fs/WindowsException'{0x000000008cb47e98}> (0x000000008cb47e98) 
thrown [s\src\hotspot\share\prims\jni.cpp, line 516]
Event: 10.092 Thread 0x000001e1349bf170 Exception <a 'sun/nio/fs/WindowsException'{0x000000008cb48258}> (0x000000008cb48258) 
thrown [s\src\hotspot\share\prims\jni.cpp, line 516]
Event: 10.092 Thread 0x000001e1349bf170 Exception <a 'sun/nio/fs/WindowsException'{0x000000008cb48c58}> (0x000000008cb48c58) 
thrown [s\src\hotspot\share\prims\jni.cpp, line 516]
Event: 10.092 Thread 0x000001e1349bf170 Exception <a 'sun/nio/fs/WindowsException'{0x000000008cb49008}> (0x000000008cb49008) 
thrown [s\src\hotspot\share\prims\jni.cpp, line 516]
Event: 10.093 Thread 0x000001e1349bf170 Exception <a 'sun/nio/fs/WindowsException'{0x000000008cb49a10}> (0x000000008cb49a10) 
thrown [s\src\hotspot\share\prims\jni.cpp, line 516]
Event: 10.093 Thread 0x000001e1349bf170 Exception <a 'sun/nio/fs/WindowsException'{0x000000008cb49dd0}> (0x000000008cb49dd0) 
thrown [s\src\hotspot\share\prims\jni.cpp, line 516]
Event: 10.093 Thread 0x000001e1349bf170 Exception <a 'sun/nio/fs/WindowsException'{0x000000008cb4a7f8}> (0x000000008cb4a7f8) 
thrown [s\src\hotspot\share\prims\jni.cpp, line 516]
Event: 10.094 Thread 0x000001e1349bf170 Exception <a 'sun/nio/fs/WindowsException'{0x000000008cb4abd8}> (0x000000008cb4abd8) 
thrown [s\src\hotspot\share\prims\jni.cpp, line 516]
Event: 10.094 Thread 0x000001e1349bf170 Exception <a 'sun/nio/fs/WindowsException'{0x000000008cb4b610}> (0x000000008cb4b610) 
thrown [s\src\hotspot\share\prims\jni.cpp, line 516]
Event: 10.094 Thread 0x000001e1349bf170 Exception <a 'sun/nio/fs/WindowsException'{0x000000008cb4ba00}> (0x000000008cb4ba00) 
thrown [s\src\hotspot\share\prims\jni.cpp, line 516]
Event: 10.095 Thread 0x000001e1349bf170 Exception <a 'sun/nio/fs/WindowsException'{0x000000008cb4c430}> (0x000000008cb4c430) 
thrown [s\src\hotspot\share\prims\jni.cpp, line 516]
Event: 10.095 Thread 0x000001e1349bf170 Exception <a 'sun/nio/fs/WindowsException'{0x000000008cb4c820}> (0x000000008cb4c820) 
thrown [s\src\hotspot\share\prims\jni.cpp, line 516]
Event: 11.599 Thread 0x000001e1349060b0 Exception <a 'java/lang/NoSuchMethodError'{0x000000008e59f4a8}: 'java.lang.Object java.lang.invoke.Invokers$Holder.invoke_MT(java.lang.Object, java.lang.Object, java.lang.Object)'> (0x000000008e59f4a8) 
thrown [s\src\hotspot\share\interpreter\linkResolver.cpp, line 759]

VM Operations (20 events):
Event: 11.161 Executing VM operation: G1CollectForAllocation done
Event: 11.580 Executing VM operation: HandshakeAllThreads
Event: 11.581 Executing VM operation: HandshakeAllThreads done
Event: 11.583 Executing VM operation: HandshakeAllThreads
Event: 11.583 Executing VM operation: HandshakeAllThreads done
Event: 11.694 Executing VM operation: HandshakeAllThreads
Event: 11.694 Executing VM operation: HandshakeAllThreads done
Event: 11.807 Executing VM operation: G1CollectForAllocation
Event: 11.819 Executing VM operation: G1CollectForAllocation done
Event: 12.012 Executing VM operation: G1CollectForAllocation
Event: 12.012 Executing VM operation: G1CollectForAllocation done
Event: 12.013 Executing VM operation: G1CollectForAllocation
Event: 12.056 Executing VM operation: G1CollectForAllocation done
Event: 12.086 Executing VM operation: G1CollectForAllocation
Event: 12.087 Executing VM operation: G1CollectForAllocation done
Event: 12.087 Executing VM operation: G1CollectForAllocation
Event: 12.092 Executing VM operation: G1CollectForAllocation done
Event: 12.103 Executing VM operation: HandshakeAllThreads
Event: 12.123 Executing VM operation: HandshakeAllThreads done
Event: 12.123 Executing VM operation: G1CollectForAllocation

Events (20 events):
Event: 11.606 loading class jdk/internal/jrtfs/JrtPath
Event: 11.606 loading class jdk/internal/jrtfs/JrtPath done
Event: 11.610 loading class java/nio/file/FileVisitOption
Event: 11.610 loading class java/nio/file/FileVisitOption done
Event: 11.611 loading class java/nio/file/FileTreeWalker
Event: 11.611 loading class java/nio/file/FileTreeWalker done
Event: 11.694 loading class java/nio/file/FileTreeWalker$DirectoryNode
Event: 11.695 loading class java/nio/file/FileTreeWalker$DirectoryNode done
Event: 11.695 loading class java/nio/file/FileTreeWalker$Event
Event: 11.695 loading class java/nio/file/FileTreeWalker$Event done
Event: 11.695 loading class java/nio/file/FileTreeWalker$EventType
Event: 11.695 loading class java/nio/file/FileTreeWalker$EventType done
Event: 11.695 loading class java/nio/file/Files$3
Event: 11.695 loading class java/nio/file/Files$3 done
Event: 11.695 loading class java/nio/file/FileVisitResult
Event: 11.695 loading class java/nio/file/FileVisitResult done
Event: 11.766 loading class java/nio/channels/Channels$ReadableByteChannelImpl
Event: 11.767 loading class java/nio/channels/Channels$ReadableByteChannelImpl done
Event: 11.767 loading class java/nio/channels/NonWritableChannelException
Event: 11.767 loading class java/nio/channels/NonWritableChannelException done


Dynamic libraries:
0x00007ff7ec530000 - 0x00007ff7ec53e000 	c:\Users\wmaluc\.vscode\extensions\redhat.java-1.12.0-win32-x64\jre\17.0.4.1-win32-x86_64\bin\java.exe
0x00007ff82a450000 - 0x00007ff82a648000 	C:\WINDOWS\SYSTEM32\ntdll.dll
0x00007ffff6d70000 - 0x00007ffff6d87000 	C:\Program Files\Avast Software\Avast\aswhook.dll
0x00007ff829640000 - 0x00007ff8296ff000 	C:\WINDOWS\System32\KERNEL32.DLL
0x00007ff8281c0000 - 0x00007ff828492000 	C:\WINDOWS\System32\KERNELBASE.dll
0x00007ff827da0000 - 0x00007ff827ea0000 	C:\WINDOWS\System32\ucrtbase.dll
0x00007ff81af70000 - 0x00007ff81af88000 	c:\Users\wmaluc\.vscode\extensions\redhat.java-1.12.0-win32-x64\jre\17.0.4.1-win32-x86_64\bin\jli.dll
0x00007ff8291f0000 - 0x00007ff82938d000 	C:\WINDOWS\System32\USER32.dll
0x00007ff827b50000 - 0x00007ff827b72000 	C:\WINDOWS\System32\win32u.dll
0x00007ff828b80000 - 0x00007ff828bab000 	C:\WINDOWS\System32\GDI32.dll
0x00007ff828000000 - 0x00007ff82810f000 	C:\WINDOWS\System32\gdi32full.dll
0x00007ff827f60000 - 0x00007ff827ffd000 	C:\WINDOWS\System32\msvcp_win.dll
0x00007ff818cc0000 - 0x00007ff818cd9000 	c:\Users\wmaluc\.vscode\extensions\redhat.java-1.12.0-win32-x64\jre\17.0.4.1-win32-x86_64\bin\VCRUNTIME140.dll
0x00007ff818260000 - 0x00007ff8184fa000 	C:\WINDOWS\WinSxS\amd64_microsoft.windows.common-controls_6595b64144ccf1df_6.0.19041.1110_none_60b5254171f9507e\COMCTL32.dll
0x00007ff828ae0000 - 0x00007ff828b7e000 	C:\WINDOWS\System32\msvcrt.dll
0x00007ff828e10000 - 0x00007ff828e42000 	C:\WINDOWS\System32\IMM32.DLL
0x00007ff81b240000 - 0x00007ff81b24c000 	c:\Users\wmaluc\.vscode\extensions\redhat.java-1.12.0-win32-x64\jre\17.0.4.1-win32-x86_64\bin\vcruntime140_1.dll
0x00007fffd5490000 - 0x00007fffd5521000 	c:\Users\wmaluc\.vscode\extensions\redhat.java-1.12.0-win32-x64\jre\17.0.4.1-win32-x86_64\bin\msvcp140.dll
0x00007fff97ca0000 - 0x00007fff988e6000 	c:\Users\wmaluc\.vscode\extensions\redhat.java-1.12.0-win32-x64\jre\17.0.4.1-win32-x86_64\bin\server\jvm.dll
0x00007ff828830000 - 0x00007ff8288de000 	C:\WINDOWS\System32\ADVAPI32.dll
0x00007ff828ef0000 - 0x00007ff828f8c000 	C:\WINDOWS\System32\sechost.dll
0x00007ff8290c0000 - 0x00007ff8291e5000 	C:\WINDOWS\System32\RPCRT4.dll
0x00007ff829630000 - 0x00007ff829638000 	C:\WINDOWS\System32\PSAPI.DLL
0x00007ff811030000 - 0x00007ff811039000 	C:\WINDOWS\SYSTEM32\WSOCK32.dll
0x00007ff829050000 - 0x00007ff8290bb000 	C:\WINDOWS\System32\WS2_32.dll
0x00007ff819870000 - 0x00007ff819897000 	C:\WINDOWS\SYSTEM32\WINMM.dll
0x00007ff8207f0000 - 0x00007ff8207fa000 	C:\WINDOWS\SYSTEM32\VERSION.dll
0x00007ff825a10000 - 0x00007ff825a22000 	C:\WINDOWS\SYSTEM32\kernel.appcore.dll
0x00007ff81b060000 - 0x00007ff81b06a000 	c:\Users\wmaluc\.vscode\extensions\redhat.java-1.12.0-win32-x64\jre\17.0.4.1-win32-x86_64\bin\jimage.dll
0x00007ff8203d0000 - 0x00007ff8205b4000 	C:\WINDOWS\SYSTEM32\DBGHELP.DLL
0x00007ff81bef0000 - 0x00007ff81bf1c000 	C:\WINDOWS\SYSTEM32\dbgcore.DLL
0x00007ff827ed0000 - 0x00007ff827f52000 	C:\WINDOWS\System32\bcryptPrimitives.dll
0x00007ff817be0000 - 0x00007ff817c05000 	c:\Users\wmaluc\.vscode\extensions\redhat.java-1.12.0-win32-x64\jre\17.0.4.1-win32-x86_64\bin\java.dll
0x00007ff817940000 - 0x00007ff817958000 	c:\Users\wmaluc\.vscode\extensions\redhat.java-1.12.0-win32-x64\jre\17.0.4.1-win32-x86_64\bin\zip.dll
0x00007ff829c40000 - 0x00007ff82a383000 	C:\WINDOWS\System32\SHELL32.dll
0x00007ff825c10000 - 0x00007ff8263a2000 	C:\WINDOWS\SYSTEM32\windows.storage.dll
0x00007ff8284d0000 - 0x00007ff828824000 	C:\WINDOWS\System32\combase.dll
0x00007ff8275b0000 - 0x00007ff8275e0000 	C:\WINDOWS\SYSTEM32\Wldp.dll
0x00007ff828d60000 - 0x00007ff828e0d000 	C:\WINDOWS\System32\SHCORE.dll
0x00007ff828ff0000 - 0x00007ff829045000 	C:\WINDOWS\System32\shlwapi.dll
0x00007ff827a90000 - 0x00007ff827aaf000 	C:\WINDOWS\SYSTEM32\profapi.dll
0x00007ff818b60000 - 0x00007ff818b79000 	C:\Users\wmaluc\.vscode\extensions\redhat.java-1.12.0-win32-x64\jre\17.0.4.1-win32-x86_64\bin\net.dll
0x00007ff818870000 - 0x00007ff81897c000 	C:\WINDOWS\SYSTEM32\WINHTTP.dll
0x00007ff827310000 - 0x00007ff82737a000 	C:\WINDOWS\system32\mswsock.dll
0x00007ff817ac0000 - 0x00007ff817ad5000 	C:\Users\wmaluc\.vscode\extensions\redhat.java-1.12.0-win32-x64\jre\17.0.4.1-win32-x86_64\bin\nio.dll
0x00007ff820270000 - 0x00007ff820280000 	c:\Users\wmaluc\.vscode\extensions\redhat.java-1.12.0-win32-x64\jre\17.0.4.1-win32-x86_64\bin\verify.dll
0x00007ff817800000 - 0x00007ff817809000 	C:\Users\wmaluc\.vscode\extensions\redhat.java-1.12.0-win32-x64\jre\17.0.4.1-win32-x86_64\bin\management.dll
0x00007ff817610000 - 0x00007ff81761b000 	C:\Users\wmaluc\.vscode\extensions\redhat.java-1.12.0-win32-x64\jre\17.0.4.1-win32-x86_64\bin\management_ext.dll
0x00007ff8091b0000 - 0x00007ff8091c7000 	C:\WINDOWS\system32\napinsp.dll
0x00007ff809190000 - 0x00007ff8091ab000 	C:\WINDOWS\system32\pnrpnsp.dll
0x00007ff822a20000 - 0x00007ff822a35000 	C:\WINDOWS\system32\wshbth.dll
0x00007ff8234f0000 - 0x00007ff82350d000 	C:\WINDOWS\system32\NLAapi.dll
0x00007ff826fb0000 - 0x00007ff826feb000 	C:\WINDOWS\SYSTEM32\IPHLPAPI.DLL
0x00007ff827000000 - 0x00007ff8270ca000 	C:\WINDOWS\SYSTEM32\DNSAPI.dll
0x00007ff8284c0000 - 0x00007ff8284c8000 	C:\WINDOWS\System32\NSI.dll
0x00007ff809170000 - 0x00007ff809182000 	C:\WINDOWS\System32\winrnr.dll
0x00007ff812b00000 - 0x00007ff812b0a000 	C:\Windows\System32\rasadhlp.dll
0x00007ff816eb0000 - 0x00007ff816f30000 	C:\WINDOWS\System32\fwpuclnt.dll
0x00007ff827ea0000 - 0x00007ff827ec7000 	C:\WINDOWS\System32\bcrypt.dll
0x00007ff827510000 - 0x00007ff827528000 	C:\WINDOWS\SYSTEM32\CRYPTSP.dll
0x00007ff826b50000 - 0x00007ff826b84000 	C:\WINDOWS\system32\rsaenh.dll
0x00007ff827a50000 - 0x00007ff827a7e000 	C:\WINDOWS\SYSTEM32\USERENV.dll
0x00007ff827500000 - 0x00007ff82750c000 	C:\WINDOWS\SYSTEM32\CRYPTBASE.dll
0x00007ff81c760000 - 0x00007ff81c777000 	C:\WINDOWS\SYSTEM32\dhcpcsvc6.DLL
0x00007ff81ddf0000 - 0x00007ff81de0d000 	C:\WINDOWS\SYSTEM32\dhcpcsvc.DLL

dbghelp: loaded successfully - version: 4.0.5 - missing functions: none
symbol engine: initialized successfully - sym options: 0x614 - pdb path: .;c:\Users\wmaluc\.vscode\extensions\redhat.java-1.12.0-win32-x64\jre\17.0.4.1-win32-x86_64\bin;C:\WINDOWS\SYSTEM32;C:\Program Files\Avast Software\Avast;C:\WINDOWS\WinSxS\amd64_microsoft.windows.common-controls_6595b64144ccf1df_6.0.19041.1110_none_60b5254171f9507e;c:\Users\wmaluc\.vscode\extensions\redhat.java-1.12.0-win32-x64\jre\17.0.4.1-win32-x86_64\bin\server

VM Arguments:
jvm_args: -Dsts.lsp.client=vscode -Dsts.log.file=/dev/null -XX:TieredStopAtLevel=1 -Xlog:jni+resolve=off -Dspring.config.location=file:c:\Users\wmaluc\.vscode\extensions\pivotal.vscode-spring-boot-1.40.0\language-server\BOOT-INF\classes\application.properties 
java_command: org.springframework.ide.vscode.boot.app.BootLanguageServerBootApp
java_class_path (initial): c:\Users\wmaluc\.vscode\extensions\pivotal.vscode-spring-boot-1.40.0\language-server\BOOT-INF\classes;c:\Users\wmaluc\.vscode\extensions\pivotal.vscode-spring-boot-1.40.0\language-server\BOOT-INF\lib\annotations-23.0.0.jar;c:\Users\wmaluc\.vscode\extensions\pivotal.vscode-spring-boot-1.40.0\language-server\BOOT-INF\lib\ant-1.10.12.jar;c:\Users\wmaluc\.vscode\extensions\pivotal.vscode-spring-boot-1.40.0\language-server\BOOT-INF\lib\ant-launcher-1.10.12.jar;c:\Users\wmaluc\.vscode\extensions\pivotal.vscode-spring-boot-1.40.0\language-server\BOOT-INF\lib\antlr-runtime-3.5.2.jar;c:\Users\wmaluc\.vscode\extensions\pivotal.vscode-spring-boot-1.40.0\language-server\BOOT-INF\lib\antlr4-4.9.3.jar;c:\Users\wmaluc\.vscode\extensions\pivotal.vscode-spring-boot-1.40.0\language-server\BOOT-INF\lib\antlr4-runtime-4.9.3.jar;c:\Users\wmaluc\.vscode\extensions\pivotal.vscode-spring-boot-1.40.0\language-server\BOOT-INF\lib\asm-9.3.jar;c:\Users\wmaluc\.vscode\extensions\pivotal.vscode-spring-boot-1.40.0\language-server\BOOT-INF\lib\asm-analysis-9.3.jar;c:\Users\wmaluc\.vscode\extensions\pivotal.vscode-spring-boot-1.40.0\language-server\BOOT-INF\lib\asm-tree-9.3.jar;c:\Users\wmaluc\.vscode\extensions\pivotal.vscode-spring-boot-1.40.0\language-server\BOOT-INF\lib\asm-util-9.3.jar;c:\Users\wmaluc\.vscode\extensions\pivotal.vscode-spring-boot-1.40.0\language-server\BOOT-INF\lib\byte-buddy-1.12.13.jar;c:\Users\wmaluc\.vscode\extensions\pivotal.vscode-spring-boot-1.40.0\language-server\BOOT-INF\lib\caffeine-2.9.3.jar;c:\Users\wmaluc\.vscode\extensions\pivotal.vscode-spring-boot-1.40.0\language-server\BOOT-INF\lib\checker-qual-3.12.0.jar;c:\Users\wmaluc\.vscode\extensions\pivotal.vscode-spring-boot-1.40.0\language-server\BOOT-INF\lib\classgraph-4.8.149.jar;c:\Users\wmaluc\.vscode\extensions\pivotal.vscode-spring-boot-1.40.0\language-server\BOOT-INF\lib\commons-codec-1.15.jar;c:\Users\wmaluc\.vscode\extensions\pivotal.vscode-spring-boot-1.40.0\language-server\BOOT-
Launcher Type: SUN_STANDARD

[Global flags]
     intx CICompilerCount                          = 4                                         {product} {ergonomic}
     uint ConcGCThreads                            = 2                                         {product} {ergonomic}
     uint G1ConcRefinementThreads                  = 8                                         {product} {ergonomic}
   size_t G1HeapRegionSize                         = 1048576                                   {product} {ergonomic}
    uintx GCDrainStackTargetSize                   = 64                                        {product} {ergonomic}
   size_t InitialHeapSize                          = 125829120                                 {product} {ergonomic}
   size_t MarkStackSize                            = 4194304                                   {product} {ergonomic}
   size_t MaxHeapSize                              = 2000683008                                {product} {ergonomic}
   size_t MaxNewSize                               = 1199570944                                {product} {ergonomic}
   size_t MinHeapDeltaBytes                        = 1048576                                   {product} {ergonomic}
   size_t MinHeapSize                              = 8388608                                   {product} {ergonomic}
    uintx NonProfiledCodeHeapSize                  = 0                                      {pd product} {ergonomic}
     bool ProfileInterpreter                       = false                                  {pd product} {command line}
    uintx ProfiledCodeHeapSize                     = 0                                      {pd product} {ergonomic}
   size_t SoftMaxHeapSize                          = 2000683008                             {manageable} {ergonomic}
     intx TieredStopAtLevel                        = 1                                         {product} {command line}
     bool UseCompressedClassPointers               = true                           {product lp64_product} {ergonomic}
     bool UseCompressedOops                        = true                           {product lp64_product} {ergonomic}
     bool UseG1GC                                  = true                                      {product} {ergonomic}
     bool UseLargePagesIndividualAllocation        = false                                  {pd product} {ergonomic}

Logging:
Log output configuration:
 #0: stdout all=warning,jni+resolve=off uptime,level,tags
 #1: stderr all=off uptime,level,tags

Environment Variables:
JAVA_HOME=C:\Program Files\Eclipse Adoptium\jdk-17.0.4.101-hotspot\
PATH=C:\Users\wmaluc\AppData\Local\cloud-code\installer\google-cloud-sdk\bin;C:\Python311\Scripts\;C:\Python311\;C:\Python310\Scripts\;C:\Python310\;C:\Program Files\Eclipse Adoptium\jdk-17.0.4.101-hotspot\bin;C:\Program Files\Eclipse Adoptium\jdk-11.0.15.10-hotspot\bin;C:\Program Files\Common Files\Oracle\Java\javapath;C:\WINDOWS\system32;C:\WINDOWS;C:\WINDOWS\System32\Wbem;C:\WINDOWS\System32\WindowsPowerShell\v1.0\;C:\WINDOWS\System32\OpenSSH\;C:\Program Files (x86)\NVIDIA Corporation\PhysX\Common;C:\WINDOWS\system32;C:\WINDOWS;C:\WINDOWS\System32\Wbem;C:\WINDOWS\System32\WindowsPowerShell\v1.0\;C:\WINDOWS\System32\OpenSSH\;C:\Program Files\Git\cmd;C:\ProgramData\chocolatey\bin;C:\Program Files\nodejs\;C:\Program Files\MySQL\MySQL Shell 8.0\bin\;C:\Users\wmaluc\AppData\Local\Programs\Python\Python39\Scripts\;C:\Users\wmaluc\AppData\Local\Programs\Python\Python39\;C:\Users\wmaluc\AppData\Local\Microsoft\WindowsApps;C:\Program Files\JetBrains\PyCharm Community Edition 2022.1.1\bin;;C:\Users\wmaluc\AppData\Local\Programs\Microsoft VS Code\bin;C:\Program Files\apache-maven-3.8.6\bin;C:\Users\wmaluc\AppData\Local\GitHubDesktop\bin;C:\Users\wmaluc\AppData\Roaming\npm;C:\Users\wmaluc\AppData\Local\Google\Cloud SDK\google-cloud-sdk\bin;C:\Program Files (x86)\Google\Cloud SDK\google-cloud-sdk\bin;C:\Program Files\Google\Cloud SDK\google-cloud-sdk\bin
USERNAME=wmaluc
OS=Windows_NT
PROCESSOR_IDENTIFIER=Intel64 Family 6 Model 58 Stepping 9, GenuineIntel
TMP=C:\Users\wmaluc\AppData\Local\Temp
TEMP=C:\Users\wmaluc\AppData\Local\Temp



---------------  S Y S T E M  ---------------

OS:
 Windows 10 , 64 bit Build 19041 (10.0.19041.2251)
OS uptime: 6 days 6:15 hours

CPU: total 8 (initial active 8) (4 cores per cpu, 2 threads per core) family 6 model 58 stepping 9 microcode 0x21, cx8, cmov, fxsr, ht, mmx, sse, sse2, sse3, ssse3, sse4.1, sse4.2, popcnt, tsc, tscinvbit, avx, aes, erms, clmul, vzeroupper, clflush

Memory: 4k page, system-wide physical 7629M (403M free)
TotalPageFile size 19849M (AvailPageFile size 73M)
current process WorkingSet (physical memory assigned to process): 218M, peak: 218M
current process commit charge ("private bytes"): 262M, peak: 368M

vm_info: OpenJDK 64-Bit Server VM (17.0.4.1+1) for windows-amd64 JRE (17.0.4.1+1), built on Aug 17 2022 07:42:43 by "temurin" with MS VC++ 16.7 (VS2019)

END.
